This is pdfTeX, Version 3.1415926-1.40.11 (MiKTeX 2.9) (preloaded format=pdflatex 2011.3.22)  14 JUN 2011 14:46
entering extended mode
**G:/Documents*and*Settings/Administrador/Mis*documentos/Dropbox/LabIE/practica
8B/practica8.tex

("G:/Documents and Settings/Administrador/Mis documentos/Dropbox/LabIE/practica
8B/practica8.tex"
LaTeX2e <2009/09/24>
Babel <v3.8l> and hyphenation patterns for english, afrikaans, ancientgreek, ar
abic, armenian, assamese, basque, bengali, bokmal, bulgarian, catalan, coptic, 
croatian, czech, danish, dutch, esperanto, estonian, farsi, finnish, french, ga
lician, german, german-x-2009-06-19, greek, gujarati, hindi, hungarian, iceland
ic, indonesian, interlingua, irish, italian, kannada, kurmanji, lao, latin, lat
vian, lithuanian, malayalam, marathi, mongolian, mongolianlmc, monogreek, ngerm
an, ngerman-x-2009-06-19, nynorsk, oriya, panjabi, pinyin, polish, portuguese, 
romanian, russian, sanskrit, serbian, slovak, slovenian, spanish, swedish, swis
sgerman, tamil, telugu, turkish, turkmen, ukenglish, ukrainian, uppersorbian, u
senglishmax, welsh, loaded.
("G:\Archivos de programa\MiKTeX 2.9\tex\latex\base\article.cls"
Document Class: article 2007/10/19 v1.4h Standard LaTeX document class
("G:\Archivos de programa\MiKTeX 2.9\tex\latex\base\size10.clo"
File: size10.clo 2007/10/19 v1.4h Standard LaTeX file (size option)
)
\c@part=\count79
\c@section=\count80
\c@subsection=\count81
\c@subsubsection=\count82
\c@paragraph=\count83
\c@subparagraph=\count84
\c@figure=\count85
\c@table=\count86
\abovecaptionskip=\skip41
\belowcaptionskip=\skip42
\bibindent=\dimen102
)
("G:\Archivos de programa\MiKTeX 2.9\tex\latex\base\inputenc.sty"
Package: inputenc 2008/03/30 v1.1d Input encoding file
\inpenc@prehook=\toks14
\inpenc@posthook=\toks15

("G:\Archivos de programa\MiKTeX 2.9\tex\latex\base\latin1.def"
File: latin1.def 2008/03/30 v1.1d Input encoding file
))
("G:\Archivos de programa\MiKTeX 2.9\tex\generic\babel\babel.sty"
Package: babel 2008/07/06 v3.8l The Babel package

*************************************
* Local config file bblopts.cfg used
*
("G:\Archivos de programa\MiKTeX 2.9\tex\latex\00miktex\bblopts.cfg"
File: bblopts.cfg 2006/07/31 v1.0 MiKTeX 'babel' configuration
)
("G:\Archivos de programa\MiKTeX 2.9\tex\generic\babel\catalan.ldf"
Language: catalan 2005/03/29 v2.2p Catalan support from the babel system

("G:\Archivos de programa\MiKTeX 2.9\tex\generic\babel\babel.def"
File: babel.def 2008/07/06 v3.8l Babel common definitions
\babel@savecnt=\count87
\U@D=\dimen103
)
Package babel Info: Making " an active character on input line 91.
Warning: You are using encoding OT1 instead of T1.
Some word breaks will not be found.
\leftllkern=\dimen104
\rightllkern=\dimen105
\raiselldim=\dimen106
))
("G:\Archivos de programa\MiKTeX 2.9\tex\latex\geometry\geometry.sty"
Package: geometry 2010/09/12 v5.6 Page Geometry

("G:\Archivos de programa\MiKTeX 2.9\tex\latex\graphics\keyval.sty"
Package: keyval 1999/03/16 v1.13 key=value parser (DPC)
\KV@toks@=\toks16
)
("G:\Archivos de programa\MiKTeX 2.9\tex\generic\oberdiek\ifpdf.sty"
Package: ifpdf 2010/01/28 v2.1 Provides the ifpdf switch (HO)
Package ifpdf Info: pdfTeX in pdf mode detected.
)
("G:\Archivos de programa\MiKTeX 2.9\tex\generic\oberdiek\ifvtex.sty"
Package: ifvtex 2010/03/01 v1.5 Switches for detecting VTeX and its modes (HO)
Package ifvtex Info: VTeX not detected.
)
("G:\Archivos de programa\MiKTeX 2.9\tex\generic\ifxetex\ifxetex.sty"
Package: ifxetex 2010/09/12 v0.6 Provides ifxetex conditional
)
\Gm@cnth=\count88
\Gm@cntv=\count89
\c@Gm@tempcnt=\count90
\Gm@bindingoffset=\dimen107
\Gm@wd@mp=\dimen108
\Gm@odd@mp=\dimen109
\Gm@even@mp=\dimen110
\Gm@layoutwidth=\dimen111
\Gm@layoutheight=\dimen112
\Gm@layouthoffset=\dimen113
\Gm@layoutvoffset=\dimen114
\Gm@dimlist=\toks17

("G:\Archivos de programa\MiKTeX 2.9\tex\latex\geometry\geometry.cfg"))
("G:\Archivos de programa\MiKTeX 2.9\tex\latex\hyperref\hyperref.sty"
Package: hyperref 2011/03/09 v6.82d Hypertext links for LaTeX

("G:\Archivos de programa\MiKTeX 2.9\tex\generic\oberdiek\ltxcmds.sty"
Package: ltxcmds 2010/04/26 v1.7 LaTeX kernel commands for general use (HO)
)
("G:\Archivos de programa\MiKTeX 2.9\tex\generic\oberdiek\pdftexcmds.sty"
Package: pdftexcmds 2010/04/01 v0.9 Utility functions of pdfTeX for LuaTeX (HO)


("G:\Archivos de programa\MiKTeX 2.9\tex\generic\oberdiek\infwarerr.sty"
Package: infwarerr 2010/04/08 v1.3 Providing info/warning/message (HO)
)
("G:\Archivos de programa\MiKTeX 2.9\tex\generic\oberdiek\ifluatex.sty"
Package: ifluatex 2010/03/01 v1.3 Provides the ifluatex switch (HO)
Package ifluatex Info: LuaTeX not detected.
)
Package pdftexcmds Info: LuaTeX not detected.
Package pdftexcmds Info: \pdf@primitive is available.
Package pdftexcmds Info: \pdf@ifprimitive is available.
)
("G:\Archivos de programa\MiKTeX 2.9\tex\generic\oberdiek\kvsetkeys.sty"
Package: kvsetkeys 2010/03/01 v1.9 Key value parser (HO)

("G:\Archivos de programa\MiKTeX 2.9\tex\generic\oberdiek\etexcmds.sty"
Package: etexcmds 2010/01/28 v1.3 Prefix for e-TeX command names (HO)
Package etexcmds Info: Could not find \expanded.
(etexcmds)             That can mean that you are not using pdfTeX 1.50 or
(etexcmds)             that some package has redefined \expanded.
(etexcmds)             In the latter case, load this package earlier.
))
("G:\Archivos de programa\MiKTeX 2.9\tex\generic\oberdiek\pdfescape.sty"
Package: pdfescape 2010/03/01 v1.9 Provides hex, PDF name and string conversion
s (HO)
)
("G:\Archivos de programa\MiKTeX 2.9\tex\latex\oberdiek\hycolor.sty"
Package: hycolor 2009/12/12 v1.6 Color options of hyperref/bookmark (HO)

("G:\Archivos de programa\MiKTeX 2.9\tex\latex\oberdiek\xcolor-patch.sty"
Package: xcolor-patch 2009/12/12 xcolor patch
))
("G:\Archivos de programa\MiKTeX 2.9\tex\latex\oberdiek\letltxmacro.sty"
Package: letltxmacro 2008/06/24 v1.3 Let assignment for LaTeX macros (HO)
)
("G:\Archivos de programa\MiKTeX 2.9\tex\latex\oberdiek\kvoptions.sty"
Package: kvoptions 2010/02/22 v3.7 Keyval support for LaTeX options (HO)
)
\@linkdim=\dimen115
\Hy@linkcounter=\count91
\Hy@pagecounter=\count92

("G:\Archivos de programa\MiKTeX 2.9\tex\latex\hyperref\pd1enc.def"
File: pd1enc.def 2011/03/09 v6.82d Hyperref: PDFDocEncoding definition (HO)
)
("G:\Archivos de programa\MiKTeX 2.9\tex\generic\oberdiek\intcalc.sty"
Package: intcalc 2007/09/27 v1.1 Expandable integer calculations (HO)
)
\Hy@SavedSpaceFactor=\count93

("G:\Archivos de programa\MiKTeX 2.9\tex\latex\00miktex\hyperref.cfg"
File: hyperref.cfg 2002/06/06 v1.2 hyperref configuration of TeXLive
)
Package hyperref Info: Option `bookmarks' set `true' on input line 3921.


Package hyperref Warning: Invalid value `000'
(hyperref)                for option `pdfborder'.
(hyperref)                Option setting is ignored on input line 3921.

Package hyperref Info: Hyper figures OFF on input line 4025.
Package hyperref Info: Link nesting OFF on input line 4030.
Package hyperref Info: Hyper index ON on input line 4033.
Package hyperref Info: Plain pages OFF on input line 4040.
Package hyperref Info: Backreferencing OFF on input line 4045.
Package hyperref Info: Implicit mode ON; LaTeX internals redefined.
Package hyperref Info: Bookmarks ON on input line 4263.
\c@Hy@tempcnt=\count94
("G:\Archivos de programa\MiKTeX 2.9\tex\latex\ltxmisc\url.sty"
\Urlmuskip=\muskip10
Package: url 2006/04/12  ver 3.3  Verb mode for urls, etc.
)
LaTeX Info: Redefining \url on input line 4616.

("G:\Archivos de programa\MiKTeX 2.9\tex\generic\oberdiek\bitset.sty"
Package: bitset 2007/09/28 v1.0 Data type bit set (HO)

("G:\Archivos de programa\MiKTeX 2.9\tex\generic\oberdiek\bigintcalc.sty"
Package: bigintcalc 2007/11/11 v1.1 Expandable big integer calculations (HO)
))
\Fld@menulength=\count95
\Field@Width=\dimen116
\Fld@charsize=\dimen117
Package hyperref Info: Hyper figures OFF on input line 5700.
Package hyperref Info: Link nesting OFF on input line 5705.
Package hyperref Info: Hyper index ON on input line 5708.
Package hyperref Info: backreferencing OFF on input line 5715.
Package hyperref Info: Link coloring OFF on input line 5720.
Package hyperref Info: Link coloring with OCG OFF on input line 5725.
Package hyperref Info: PDF/A mode OFF on input line 5730.
LaTeX Info: Redefining \ref on input line 5770.
LaTeX Info: Redefining \pageref on input line 5774.

("G:\Archivos de programa\MiKTeX 2.9\tex\generic\oberdiek\atbegshi.sty"
Package: atbegshi 2010/03/25 v1.12 At begin shipout hook (HO)
)
\Hy@abspage=\count96
\c@Item=\count97
\c@Hfootnote=\count98
)

Package hyperref Message: Driver: hpdftex.

("G:\Archivos de programa\MiKTeX 2.9\tex\latex\hyperref\hpdftex.def"
File: hpdftex.def 2011/03/09 v6.82d Hyperref driver for pdfTeX

("G:\Archivos de programa\MiKTeX 2.9\tex\latex\oberdiek\atveryend.sty"
Package: atveryend 2010/03/24 v1.5 Hooks at very end of document (HO)
Package atveryend Info: \enddocument detected (standard).
)
\Fld@listcount=\count99
\c@bookmark@seq@number=\count100

("G:\Archivos de programa\MiKTeX 2.9\tex\latex\oberdiek\rerunfilecheck.sty"
Package: rerunfilecheck 2010/03/16 v1.6 Rerun checks for auxiliary files (HO)

("G:\Archivos de programa\MiKTeX 2.9\tex\generic\oberdiek\uniquecounter.sty"
Package: uniquecounter 2009/12/18 v1.1 Provides unlimited unique counter (HO)
)
Package uniquecounter Info: New unique counter `rerunfilecheck' on input line 2
71.
)
\Hy@SectionHShift=\skip43
) ("G:\Archivos de programa\MiKTeX 2.9\tex\latex\xcolor\xcolor.sty"
Package: xcolor 2007/01/21 v2.11 LaTeX color extensions (UK)

("G:\Archivos de programa\MiKTeX 2.9\tex\latex\00miktex\color.cfg"
File: color.cfg 2007/01/18 v1.5 color configuration of teTeX/TeXLive
)
Package xcolor Info: Driver file: pdftex.def on input line 225.

("G:\Archivos de programa\MiKTeX 2.9\tex\latex\pdftex-def\pdftex.def"
File: pdftex.def 2011/01/28 v0.05d Graphics/color for pdfTeX
\Gread@gobject=\count101
)
Package xcolor Info: Model `cmy' substituted by `cmy0' on input line 1337.
Package xcolor Info: Model `hsb' substituted by `rgb' on input line 1341.
Package xcolor Info: Model `RGB' extended on input line 1353.
Package xcolor Info: Model `HTML' substituted by `rgb' on input line 1355.
Package xcolor Info: Model `Hsb' substituted by `hsb' on input line 1356.
Package xcolor Info: Model `tHsb' substituted by `hsb' on input line 1357.
Package xcolor Info: Model `HSB' substituted by `hsb' on input line 1358.
Package xcolor Info: Model `Gray' substituted by `gray' on input line 1359.
Package xcolor Info: Model `wave' substituted by `hsb' on input line 1360.
)
("G:\Archivos de programa\MiKTeX 2.9\tex\latex\listings\listings.sty"
\lst@mode=\count102
\lst@gtempboxa=\box26
\lst@token=\toks18
\lst@length=\count103
\lst@currlwidth=\dimen118
\lst@column=\count104
\lst@pos=\count105
\lst@lostspace=\dimen119
\lst@width=\dimen120
\lst@newlines=\count106
\lst@lineno=\count107
\lst@maxwidth=\dimen121

("G:\Archivos de programa\MiKTeX 2.9\tex\latex\listings\lstmisc.sty"
File: lstmisc.sty 2007/02/22 1.4 (Carsten Heinz)
\c@lstnumber=\count108
\lst@skipnumbers=\count109
\lst@framebox=\box27
)
("G:\Archivos de programa\MiKTeX 2.9\tex\latex\listings\listings.cfg"
File: listings.cfg 2007/02/22 1.4 listings configuration
))
Package: listings 2007/02/22 1.4 (Carsten Heinz)

("G:\Archivos de programa\MiKTeX 2.9\tex\latex\graphics\graphicx.sty"
Package: graphicx 1999/02/16 v1.0f Enhanced LaTeX Graphics (DPC,SPQR)

("G:\Archivos de programa\MiKTeX 2.9\tex\latex\graphics\graphics.sty"
Package: graphics 2009/02/05 v1.0o Standard LaTeX Graphics (DPC,SPQR)

("G:\Archivos de programa\MiKTeX 2.9\tex\latex\graphics\trig.sty"
Package: trig 1999/03/16 v1.09 sin cos tan (DPC)
)
("G:\Archivos de programa\MiKTeX 2.9\tex\latex\00miktex\graphics.cfg"
File: graphics.cfg 2007/01/18 v1.5 graphics configuration of teTeX/TeXLive
)
Package graphics Info: Driver file: pdftex.def on input line 91.
)
\Gin@req@height=\dimen122
\Gin@req@width=\dimen123
)
("G:\Archivos de programa\MiKTeX 2.9\tex\latex\float\float.sty"
Package: float 2001/11/08 v1.3d Float enhancements (AL)
\c@float@type=\count110
\float@exts=\toks19
\float@box=\box28
\@float@everytoks=\toks20
\@floatcapt=\box29
)
("G:\Archivos de programa\MiKTeX 2.9\tex\latex\subfig\subfig.sty"
Package: subfig 2005/06/28 ver: 1.3 subfig package

("G:\Archivos de programa\MiKTeX 2.9\tex\latex\caption\caption.sty"
Package: caption 2010/01/09 v3.1m Customizing captions (AR)

("G:\Archivos de programa\MiKTeX 2.9\tex\latex\caption\caption3.sty"
Package: caption3 2010/01/14 v3.1m caption3 kernel (AR)
\captionmargin=\dimen124
\captionmargin@=\dimen125
\captionwidth=\dimen126
\caption@indent=\dimen127
\caption@parindent=\dimen128
\caption@hangindent=\dimen129
)
\c@ContinuedFloat=\count111
Package caption Info: float package is loaded.
Package caption Info: hyperref package is loaded.
Package caption Info: listings package is loaded.
)
\c@KVtest=\count112
\sf@farskip=\skip44
\sf@captopadj=\dimen130
\sf@capskip=\skip45
\sf@nearskip=\skip46
\c@subfigure=\count113
\c@subfigure@save=\count114
\c@lofdepth=\count115
\c@subtable=\count116
\c@subtable@save=\count117
\c@lotdepth=\count118
\sf@top=\skip47
\sf@bottom=\skip48
)
("G:\Archivos de programa\MiKTeX 2.9\tex\latex\listings\lstlang1.sty"
File: lstlang1.sty 2004/09/05 1.3 listings language file
)
("G:\Archivos de programa\MiKTeX 2.9\tex\latex\listings\lstmisc.sty"
File: lstmisc.sty 2007/02/22 1.4 (Carsten Heinz)
)
("G:\Documents and Settings\Administrador\Mis documentos\Dropbox\LabIE\practica
8B\practica8.aux")
LaTeX Font Info:    Checking defaults for OML/cmm/m/it on input line 60.
LaTeX Font Info:    ... okay on input line 60.
LaTeX Font Info:    Checking defaults for T1/cmr/m/n on input line 60.
LaTeX Font Info:    ... okay on input line 60.
LaTeX Font Info:    Checking defaults for OT1/cmr/m/n on input line 60.
LaTeX Font Info:    ... okay on input line 60.
LaTeX Font Info:    Checking defaults for OMS/cmsy/m/n on input line 60.
LaTeX Font Info:    ... okay on input line 60.
LaTeX Font Info:    Checking defaults for OMX/cmex/m/n on input line 60.
LaTeX Font Info:    ... okay on input line 60.
LaTeX Font Info:    Checking defaults for U/cmr/m/n on input line 60.
LaTeX Font Info:    ... okay on input line 60.
LaTeX Font Info:    Checking defaults for PD1/pdf/m/n on input line 60.
LaTeX Font Info:    ... okay on input line 60.
LaTeX Info: Redefining \l on input line 60.
LaTeX Info: Redefining \L on input line 60.

*geometry* driver: auto-detecting
*geometry* detected driver: pdftex
*geometry* verbose mode - [ preamble ] result:
* driver: pdftex
* paper: a4paper
* layout: <same size as paper>
* layoutoffset:(h,v)=(0.0pt,0.0pt)
* modes: 
* h-part:(L,W,R)=(56.9055pt, 483.69687pt, 56.9055pt)
* v-part:(T,H,B)=(85.35826pt, 674.33032pt, 85.35826pt)
* \paperwidth=597.50787pt
* \paperheight=845.04684pt
* \textwidth=483.69687pt
* \textheight=674.33032pt
* \oddsidemargin=-15.36449pt
* \evensidemargin=-15.36449pt
* \topmargin=-23.91173pt
* \headheight=12.0pt
* \headsep=25.0pt
* \topskip=10.0pt
* \footskip=30.0pt
* \marginparwidth=57.0pt
* \marginparsep=11.0pt
* \columnsep=10.0pt
* \skip\footins=9.0pt plus 4.0pt minus 2.0pt
* \hoffset=0.0pt
* \voffset=0.0pt
* \mag=1000
* \@twocolumnfalse
* \@twosidefalse
* \@mparswitchfalse
* \@reversemarginfalse
* (1in=72.27pt=25.4mm, 1cm=28.453pt)

\AtBeginShipoutBox=\box30
Package hyperref Info: Link coloring OFF on input line 60.
("G:\Archivos de programa\MiKTeX 2.9\tex\latex\hyperref\nameref.sty"
Package: nameref 2010/04/30 v2.40 Cross-referencing by name of section

("G:\Archivos de programa\MiKTeX 2.9\tex\latex\oberdiek\refcount.sty"
Package: refcount 2008/08/11 v3.1 Data extraction from references (HO)
)
("G:\Archivos de programa\MiKTeX 2.9\tex\generic\oberdiek\gettitlestring.sty"
Package: gettitlestring 2009/12/18 v1.3 Cleanup title references (HO)
)
\c@section@level=\count119
)
LaTeX Info: Redefining \ref on input line 60.
LaTeX Info: Redefining \pageref on input line 60.
LaTeX Info: Redefining \nameref on input line 60.

("G:\Documents and Settings\Administrador\Mis documentos\Dropbox\LabIE\practica
8B\practica8.out")
("G:\Documents and Settings\Administrador\Mis documentos\Dropbox\LabIE\practica
8B\practica8.out")
\@outlinefile=\write3

("G:\Archivos de programa\MiKTeX 2.9\tex\context\base\supp-pdf.mkii"
[Loading MPS to PDF converter (version 2006.09.02).]
\scratchcounter=\count120
\scratchdimen=\dimen131
\scratchbox=\box31
\nofMPsegments=\count121
\nofMParguments=\count122
\everyMPshowfont=\toks21
\MPscratchCnt=\count123
\MPscratchDim=\dimen132
\MPnumerator=\count124
\everyMPtoPDFconversion=\toks22
)
\c@lstlisting=\count125
Package caption Info: Begin \AtBeginDocument code.
Package caption3 Info: subfig package 1.2 or 1.3 is loaded.
LaTeX Info: Redefining \subref on input line 60.
Package caption Info: End \AtBeginDocument code.
LaTeX Font Info:    External font `cmex10' loaded for size
(Font)              <12> on input line 65.
LaTeX Font Info:    External font `cmex10' loaded for size
(Font)              <8> on input line 65.
LaTeX Font Info:    External font `cmex10' loaded for size
(Font)              <6> on input line 65.

("G:\Documents and Settings\Administrador\Mis documentos\Dropbox\LabIE\practica
8B\practica8.toc"
LaTeX Font Info:    External font `cmex10' loaded for size
(Font)              <7> on input line 3.
LaTeX Font Info:    External font `cmex10' loaded for size
(Font)              <5> on input line 3.
)
\tf@toc=\write4
 [1

{G:/Documents and Settings/All Users/Datos de programa/MiKTeX/2.9/pdftex/config
/pdftex.map}]
<previo1.jpg, id=61, 611.04285pt x 656.2116pt>
File: previo1.jpg Graphic file (type jpg)
 <use previo1.jpg>
<previo2.jpg, id=62, 1706.375pt x 509.905pt>
File: previo2.jpg Graphic file (type jpg)
 <use previo2.jpg> [2 <G:/Documents and Settings/Administrador/Mis documentos/D
ropbox/LabIE/practica8B/previo1.jpg>] <esquema-enunciado.png, id=69, 790.955pt 
x 442.65375pt>
File: esquema-enunciado.png Graphic file (type png)

<use esquema-enunciado.png>
<writesubVIbloques.png, id=71, 228.855pt x 160.34906pt>
File: writesubVIbloques.png Graphic file (type png)

<use writesubVIbloques.png> [3 <G:/Documents and Settings/Administrador/Mis doc
umentos/Dropbox/LabIE/practica8B/previo2.jpg> <G:/Documents and Settings/Admini
strador/Mis documentos/Dropbox/LabIE/practica8B/esquema-enunciado.png (PNG copy
)>]

Package hyperref Warning: Token not allowed in a PDF string (PDFDocEncoding):
(hyperref)                removing `math shift' on input line 110.


Package hyperref Warning: Token not allowed in a PDF string (PDFDocEncoding):
(hyperref)                removing `subscript' on input line 110.


Package hyperref Warning: Token not allowed in a PDF string (PDFDocEncoding):
(hyperref)                removing `math shift' on input line 110.

<lin-frame0.png, id=80, 1730.465pt x 618.31pt>
File: lin-frame0.png Graphic file (type png)
 <use lin-frame0.png>
<lin-frame1.png, id=81, 1730.465pt x 618.31pt>
File: lin-frame1.png Graphic file (type png)
 <use lin-frame1.png>
<lin-frame2.png, id=82, 1730.465pt x 619.31375pt>
File: lin-frame2.png Graphic file (type png)
 <use lin-frame2.png> [4 <G:/Documents and Settings/Administrador/Mis documento
s/Dropbox/LabIE/practica8B/writesubVIbloques.png> <G:/Documents and Settings/Ad
ministrador/Mis documentos/Dropbox/LabIE/practica8B/lin-frame0.png (PNG copy)> 
<G:/Documents and Settings/Administrador/Mis documentos/Dropbox/LabIE/practica8
B/lin-frame1.png (PNG copy)>]
<lin-frame3.png, id=92, 1727.45375pt x 619.31375pt>
File: lin-frame3.png Graphic file (type png)
 <use lin-frame3.png>
<lin-frame30.png, id=93, 832.10875pt x 498.86375pt>
File: lin-frame30.png Graphic file (type png)
 <use lin-frame30.png>
<lin-frame31.png, id=94, 721.69624pt x 434.62375pt>
File: lin-frame31.png Graphic file (type png)
 <use lin-frame31.png>
[5 <G:/Documents and Settings/Administrador/Mis documentos/Dropbox/LabIE/practi
ca8B/lin-frame2.png (PNG copy)> <G:/Documents and Settings/Administrador/Mis do
cumentos/Dropbox/LabIE/practica8B/lin-frame3.png (PNG copy)> <G:/Documents and 
Settings/Administrador/Mis documentos/Dropbox/LabIE/practica8B/lin-frame30.png 
(PNG copy)>] <lin-frame32.png, id=102, 721.69624pt x 434.62375pt>
File: lin-frame32.png Graphic file (type png)

<use lin-frame32.png> <lin-frame33.png, id=103, 721.69624pt x 434.62375pt>
File: lin-frame33.png Graphic file (type png)

<use lin-frame33.png> <lin-frame34.png, id=104, 721.69624pt x 434.62375pt>
File: lin-frame34.png Graphic file (type png)

<use lin-frame34.png> <errorLinealFreq2.png, id=106, 615.29875pt x 533.995pt>
File: errorLinealFreq2.png Graphic file (type png)

<use errorLinealFreq2.png> [6 <G:/Documents and Settings/Administrador/Mis docu
mentos/Dropbox/LabIE/practica8B/lin-frame31.png (PNG copy)> <G:/Documents and S
ettings/Administrador/Mis documentos/Dropbox/LabIE/practica8B/lin-frame32.png (
PNG copy)> <G:/Documents and Settings/Administrador/Mis documentos/Dropbox/LabI
E/practica8B/lin-frame33.png (PNG copy)> <G:/Documents and Settings/Administrad
or/Mis documentos/Dropbox/LabIE/practica8B/lin-frame34.png (PNG copy)>]
<marg-frame3.png, id=117, 1726.45pt x 838.13126pt>
File: marg-frame3.png Graphic file (type png)
 <use marg-frame3.png>
<marg-frame4.png, id=118, 1709.38625pt x 698.61pt>
File: marg-frame4.png Graphic file (type png)
 <use marg-frame4.png>
[7 <G:/Documents and Settings/Administrador/Mis documentos/Dropbox/LabIE/practi
ca8B/errorLinealFreq2.png (PNG copy)> <G:/Documents and Settings/Administrador/
Mis documentos/Dropbox/LabIE/practica8B/marg-frame3.png (PNG copy)>]
File: lin-frame30.png Graphic file (type png)

<use lin-frame30.png> <marg-frame31.png, id=125, 814.04124pt x 486.81876pt>
File: marg-frame31.png Graphic file (type png)

<use marg-frame31.png> <marg-frame32.png, id=126, 814.04124pt x 488.82625pt>
File: marg-frame32.png Graphic file (type png)

<use marg-frame32.png> [8 <G:/Documents and Settings/Administrador/Mis document
os/Dropbox/LabIE/practica8B/marg-frame4.png (PNG copy)> <G:/Documents and Setti
ngs/Administrador/Mis documentos/Dropbox/LabIE/practica8B/marg-frame31.png (PNG
 copy)>] <marg-frame33.png, id=134, 816.04875pt x 488.82625pt>
File: marg-frame33.png Graphic file (type png)

<use marg-frame33.png> <marg-frame34.png, id=135, 816.04875pt x 488.82625pt>
File: marg-frame34.png Graphic file (type png)

<use marg-frame34.png>
<enganche-seguimiento.png, id=136, 759.83875pt x 482.80376pt>
File: enganche-seguimiento.png Graphic file (type png)

<use enganche-seguimiento.png> [9 <G:/Documents and Settings/Administrador/Mis 
documentos/Dropbox/LabIE/practica8B/marg-frame32.png (PNG copy)> <G:/Documents 
and Settings/Administrador/Mis documentos/Dropbox/LabIE/practica8B/marg-frame33
.png (PNG copy)> <G:/Documents and Settings/Administrador/Mis documentos/Dropbo
x/LabIE/practica8B/marg-frame34.png (PNG copy)>]
<freqframe1.jpg, id=145, 1858.945pt x 826.08624pt>
File: freqframe1.jpg Graphic file (type jpg)
 <use freqframe1.jpg>
<freq.jpg, id=147, 1864.9675pt x 1007.765pt>
File: freq.jpg Graphic file (type jpg)
 <use freq.jpg> [10 <G:/Documents and Settings/Administrador/Mis documentos/Dro
pbox/LabIE/practica8B/enganche-seguimiento.png (PNG copy)> <G:/Documents and Se
ttings/Administrador/Mis documentos/Dropbox/LabIE/practica8B/freqframe1.jpg>]
<bode.png, id=156, 636.3775pt x 479.7925pt>
File: bode.png Graphic file (type png)
 <use bode.png>
<bodeFase.png, id=157, 636.3775pt x 479.7925pt>
File: bodeFase.png Graphic file (type png)
 <use bodeFase.png> [11 <G:/Documents and Settings/Administrador/Mis documentos
/Dropbox/LabIE/practica8B/freq.jpg> <G:/Documents and Settings/Administrador/Mi
s documentos/Dropbox/LabIE/practica8B/bode.png (PNG copy)> <G:/Documents and Se
ttings/Administrador/Mis documentos/Dropbox/LabIE/practica8B/bodeFase.png (PNG 
copy)>]
<arm-bloques.png, id=167, 1210.5225pt x 590.205pt>
File: arm-bloques.png Graphic file (type png)
 <use arm-bloques.png>
Overfull \hbox (0.52615pt too wide) in paragraph at lines 311--312
[]\OT1/cmr/m/n/10 Finalmente, pro-ce-de-mos a su eje-cu-cion, y tal y co-mo se
 pu-e-de apre-ci-ar en la fi-gu-ra []25[], ob-te-ne-mos graficamente
 []

<arm.png, id=171, 1035.87pt x 748.7975pt>
File: arm.png Graphic file (type png)
 <use arm.png> [12 <G:/Documents and Settings/Administrador/Mis documentos/Drop
box/LabIE/practica8B/arm-bloques.png (PNG copy)>]

Package caption Warning: Unused \captionsetup[lstlisting] on input line 20.
See the caption package documentation for explanation.

Package atveryend Info: Empty hook `BeforeClearDocument' on input line 322.
[13 <G:/Documents and Settings/Administrador/Mis documentos/Dropbox/LabIE/pract
ica8B/arm.png (PNG copy)>]
Package atveryend Info: Empty hook `AfterLastShipout' on input line 322.

("G:\Documents and Settings\Administrador\Mis documentos\Dropbox\LabIE\practica
8B\practica8.aux")
Package atveryend Info: Executing hook `AtVeryEndDocument' on input line 322.
Package rerunfilecheck Info: File `practica8.out' has not changed.
(rerunfilecheck)             Checksum: D5905DFB9750566E95D4B865EDE164BD;694.
 ) 
Here is how much of TeX's memory you used:
 8692 strings out of 494053
 131853 string characters out of 3145701
 251640 words of memory out of 3000000
 11787 multiletter control sequences out of 15000+200000
 7895 words of font info for 28 fonts, out of 3000000 for 9000
 715 hyphenation exceptions out of 8191
 44i,10n,49p,534b,379s stack positions out of 5000i,500n,10000p,200000b,50000s
<G:/Archivos de programa/MiKTeX 2.9/fonts/type1/public/amsfonts/cm/cmbx10.pfb
><G:/Archivos de programa/MiKTeX 2.9/fonts/type1/public/amsfonts/cm/cmbx12.pfb>
<G:/Archivos de programa/MiKTeX 2.9/fonts/type1/public/amsfonts/cm/cmex10.pfb><
G:/Archivos de programa/MiKTeX 2.9/fonts/type1/public/amsfonts/cm/cmmi10.pfb><G
:/Archivos de programa/MiKTeX 2.9/fonts/type1/public/amsfonts/cm/cmmi12.pfb><G:
/Archivos de programa/MiKTeX 2.9/fonts/type1/public/amsfonts/cm/cmmi7.pfb><G:/A
rchivos de programa/MiKTeX 2.9/fonts/type1/public/amsfonts/cm/cmmi8.pfb><G:/Arc
hivos de programa/MiKTeX 2.9/fonts/type1/public/amsfonts/cm/cmr10.pfb><G:/Archi
vos de programa/MiKTeX 2.9/fonts/type1/public/amsfonts/cm/cmr12.pfb><G:/Archivo
s de programa/MiKTeX 2.9/fonts/type1/public/amsfonts/cm/cmr17.pfb><G:/Archivos 
de programa/MiKTeX 2.9/fonts/type1/public/amsfonts/cm/cmr7.pfb><G:/Archivos de 
programa/MiKTeX 2.9/fonts/type1/public/amsfonts/cm/cmr8.pfb>
Output written on practica8.pdf (13 pages, 3730315 bytes).
PDF statistics:
 239 PDF objects out of 1000 (max. 8388607)
 55 named destinations out of 1000 (max. 500000)
 208 words of extra memory for PDF output out of 10000 (max. 10000000)

