Gnucap 0.35
The Gnu Circuit Analysis Package
Never trust any version less than 1.0
Copyright 1982-2006, Albert Davis
Gnucap comes with ABSOLUTELY NO WARRANTY
This is free software, and you are welcome
to redistribute it under certain conditions
according to the GNU General Public License.
See the file "COPYING" for details.
FILTRO PASO BAJO 
#Time      
 0.        
 800.n     
 1.6u      
 2.4u      
 3.2u      
 4.u       
 4.8u      
 5.6u      
 6.4u      
 7.2u      
 8.u       
 8.8u      
 9.6u      
 10.4u     
 11.2u     
 12.u      
 12.8u     
 13.6u     
 14.4u     
 15.2u     
 16.u      
 16.8u     
 17.6u     
 18.4u     
 19.2u     
 20.u      
 20.8u     
 21.6u     
 22.4u     
 23.2u     
 24.u      
 24.8u     
 25.6u     
 26.4u     
 27.2u     
 28.u      
 28.8u     
 29.6u     
 30.4u     
 31.2u     
 32.u      
 32.8u     
 33.6u     
 34.4u     
 35.2u     
 36.u      
 36.8u     
 37.6u     
 38.4u     
 39.2u     
 40.u      
 40.8u     
 41.6u     
 42.4u     
 43.2u     
 44.u      
 44.8u     
 45.6u     
 46.4u     
 47.2u     
 48.u      
 48.8u     
 49.6u     
 50.4u     
 51.2u     
 52.u      
 52.8u     
 53.6u     
 54.4u     
 55.2u     
 56.u      
 56.8u     
 57.6u     
 58.4u     
 59.2u     
 60.u      
 60.8u     
 61.6u     
 62.4u     
 63.2u     
 64.u      
 64.8u     
 65.6u     
 66.4u     
 67.2u     
 68.u      
 68.8u     
 69.6u     
 70.4u     
 71.2u     
 72.u      
 72.8u     
 73.6u     
 74.4u     
 75.2u     
 76.u      
 76.8u     
 77.6u     
 78.4u     
 79.2u     
 80.u      
tran   
ac     
dc     
op     
fourier
